  Cleaning LearnUnrealEditor and UnrealHeaderTool binaries...
  Using bundled DotNet SDK
  Log file: C:\Users\vip\AppData\Local\UnrealBuildTool\Log.txt
  Using 'git status' to determine working set for adaptive non-unity build (F:\Learn-Unreal5).
  Creating makefile for LearnUnrealEditor (no existing makefile)
  Parsing headers for LearnUnrealEditor
    Running UnrealHeaderTool "F:\Learn-Unreal5\LearnUnreal\LearnUnreal.uproject" "F:\Learn-Unreal5\LearnUnreal\Intermediate\Build\Win64\LearnUnrealEditor\Development\LearnUnrealEditor.uhtmanifest" -LogCmds="loginit warning, logexit warning, logdatabase error" -Unattended -WarningsAsErrors -abslog="C:\Users\vip\AppData\Local\UnrealBuildTool\Log_UHT.txt" -installed
  Reflection code generated for LearnUnrealEditor in 1.7094531 seconds
  Building LearnUnrealEditor...
  Using Visual Studio 2019 14.29.30140 toolchain (C:\Program Files (x86)\Microsoft Visual Studio\2019\Community\VC\Tools\MSVC\14.29.30133) and Windows 10.0.19041.0 SDK (C:\Program Files (x86)\Windows Kits\10).
  [Adaptive Build] Excluded from LearnUnrealPlugin unity file: LearnUnrealPlugin.cpp
  [Adaptive Build] Excluded from LearnUnreal unity file: LearnUnreal.cpp, LearnUnrealGameModeBase.cpp
  Determining max actions to execute in parallel (6 physical cores, 12 logical cores)
    Executing up to 6 processes, one per physical core
  Building 13 actions with 6 processes...
  [1/13] Resource Default.rc2
  [2/13] Resource Default.rc2
  [3/13] Compile SharedPCH.Engine.ShadowErrors.cpp
  [4/13] Compile LearnUnreal.init.gen.cpp
  [5/13] Compile LearnUnreal.cpp
  [6/13] Compile LearnUnrealPlugin.cpp
  [7/13] Link UnrealEditor-LearnUnrealPlugin.lib
    正在创建库 F:\Learn-Unreal5\LearnUnreal\Plugins\LearnUnrealPlugin\Intermediate\Build\Win64\UnrealEditor\Development\LearnUnrealPlugin\UnrealEditor-LearnUnrealPlugin.lib 和对象 F:\Learn-Unreal5\LearnUnreal\Plugins\LearnUnrealPlugin\Intermediate\Build\Win64\UnrealEditor\Development\LearnUnrealPlugin\UnrealEditor-LearnUnrealPlugin.exp
  [8/13] Compile LearnUnrealGameModeBase.gen.cpp
  [9/13] Compile LearnUnrealGameModeBase.cpp
  [10/13] Link UnrealEditor-LearnUnreal.lib
    正在创建库 F:\Learn-Unreal5\LearnUnreal\Intermediate\Build\Win64\UnrealEditor\Development\LearnUnreal\UnrealEditor-LearnUnreal.lib 和对象 F:\Learn-Unreal5\LearnUnreal\Intermediate\Build\Win64\UnrealEditor\Development\LearnUnreal\UnrealEditor-LearnUnreal.exp
  [11/13] Link UnrealEditor-LearnUnrealPlugin.dll
    正在创建库 F:\Learn-Unreal5\LearnUnreal\Plugins\LearnUnrealPlugin\Intermediate\Build\Win64\UnrealEditor\Development\LearnUnrealPlugin\UnrealEditor-LearnUnrealPlugin.suppressed.lib 和对象 F:\Learn-Unreal5\LearnUnreal\Plugins\LearnUnrealPlugin\Intermediate\Build\Win64\UnrealEditor\Development\LearnUnrealPlugin\UnrealEditor-LearnUnrealPlugin.suppressed.exp
  [12/13] Link UnrealEditor-LearnUnreal.dll
    正在创建库 F:\Learn-Unreal5\LearnUnreal\Intermediate\Build\Win64\UnrealEditor\Development\LearnUnreal\UnrealEditor-LearnUnreal.suppressed.lib 和对象 F:\Learn-Unreal5\LearnUnreal\Intermediate\Build\Win64\UnrealEditor\Development\LearnUnreal\UnrealEditor-LearnUnreal.suppressed.exp
  [13/13] WriteMetadata LearnUnrealEditor.target
  Total time in Parallel executor: 37.18 seconds
  Total execution time: 40.94 seconds
